2022-07-10 01:28:05,475 - Log4JLogChute initialized using file 'target/velocity.log'
2022-07-10 01:28:05,475 - Initializing Velocity, Calling init()...
2022-07-10 01:28:05,475 - Starting Apache Velocity v1.7 (compiled: 2010-11-19 12:14:37)
2022-07-10 01:28:05,475 - Default Properties File: org/apache/velocity/runtime/defaults/velocity.properties
2022-07-10 01:28:05,475 - Trying to use logger class org.apache.velocity.runtime.log.AvalonLogChute
2022-07-10 01:28:05,475 - Target log system for org.apache.velocity.runtime.log.AvalonLogChute is not available (java.lang.NoClassDefFoundError: org/apache/log/format/Formatter).  Falling back to next log system...
2022-07-10 01:28:05,475 - Trying to use logger class org.apache.velocity.runtime.log.Log4JLogChute
2022-07-10 01:28:05,475 - Using logger class org.apache.velocity.runtime.log.Log4JLogChute
2022-07-10 01:28:05,478 - ResourceLoader instantiated: org.apache.velocity.runtime.resource.loader.ClasspathResourceLoader
2022-07-10 01:28:05,485 - ResourceCache: initialized (class org.apache.velocity.runtime.resource.ResourceCacheImpl) with class java.util.Collections$SynchronizedMap cache map.
2022-07-10 01:28:05,486 - Loaded System Directive: org.apache.velocity.runtime.directive.Stop
2022-07-10 01:28:05,486 - Loaded System Directive: org.apache.velocity.runtime.directive.Define
2022-07-10 01:28:05,487 - Loaded System Directive: org.apache.velocity.runtime.directive.Break
2022-07-10 01:28:05,487 - Loaded System Directive: org.apache.velocity.runtime.directive.Evaluate
2022-07-10 01:28:05,488 - Loaded System Directive: org.apache.velocity.runtime.directive.Literal
2022-07-10 01:28:05,488 - Loaded System Directive: org.apache.velocity.runtime.directive.Macro
2022-07-10 01:28:05,489 - Loaded System Directive: org.apache.velocity.runtime.directive.Parse
2022-07-10 01:28:05,490 - Loaded System Directive: org.apache.velocity.runtime.directive.Include
2022-07-10 01:28:05,491 - Loaded System Directive: org.apache.velocity.runtime.directive.Foreach
2022-07-10 01:28:05,508 - Created '20' parsers.
2022-07-10 01:28:05,511 - Velocimacro : "velocimacro.library" is not set.  Trying default library: VM_global_library.vm
2022-07-10 01:28:05,511 - Could not load resource 'VM_global_library.vm' from ResourceLoader org.apache.velocity.runtime.resource.loader.ClasspathResourceLoader: ClasspathResourceLoader Error: cannot find resource VM_global_library.vm
2022-07-10 01:28:05,511 - Velocimacro : Default library not found.
2022-07-10 01:28:05,511 - Velocimacro : allowInline = true : VMs can be defined inline in templates
2022-07-10 01:28:05,511 - Velocimacro : allowInlineToOverride = false : VMs defined inline may NOT replace previous VM definitions
2022-07-10 01:28:05,511 - Velocimacro : allowInlineLocal = false : VMs defined inline will be global in scope if allowed.
2022-07-10 01:28:05,511 - Velocimacro : autoload off : VM system will not automatically reload global library macros
2022-07-10 01:28:05,567 - ResourceManager : found templates/generators/errorpage.vm with loader org.apache.velocity.runtime.resource.loader.ClasspathResourceLoader
2022-07-10 01:28:05,570 - ResourceManager : found /templates/headers.vm with loader org.apache.velocity.runtime.resource.loader.ClasspathResourceLoader
2022-07-10 01:28:05,570 - ResourceManager : found /templates/head.vm with loader org.apache.velocity.runtime.resource.loader.ClasspathResourceLoader
2022-07-10 01:28:05,571 - Velocimacro : added VM stringArray: source=/templates/macros/array.js.vm
2022-07-10 01:28:05,572 - Velocimacro : added VM numberArray: source=/templates/macros/array.js.vm
2022-07-10 01:28:05,572 - ResourceManager : found /templates/macros/array.js.vm with loader org.apache.velocity.runtime.resource.loader.ClasspathResourceLoader
2022-07-10 01:28:05,573 - Velocimacro : added VM includeBuildInfo: source=/templates/macros/page/buildinfo.vm
2022-07-10 01:28:05,573 - ResourceManager : found /templates/macros/page/buildinfo.vm with loader org.apache.velocity.runtime.resource.loader.ClasspathResourceLoader
2022-07-10 01:28:05,575 - Velocimacro : added VM includeClassifications: source=/templates/macros/page/classifications.vm
2022-07-10 01:28:05,575 - ResourceManager : found /templates/macros/page/classifications.vm with loader org.apache.velocity.runtime.resource.loader.ClasspathResourceLoader
2022-07-10 01:28:05,575 - Velocimacro : added VM includeLead: source=/templates/macros/page/lead.vm
2022-07-10 01:28:05,575 - ResourceManager : found /templates/macros/page/lead.vm with loader org.apache.velocity.runtime.resource.loader.ClasspathResourceLoader
2022-07-10 01:28:05,576 - Velocimacro : added VM includeNavigation: source=/templates/macros/page/navigation.vm
2022-07-10 01:28:05,577 - ResourceManager : found /templates/macros/page/navigation.vm with loader org.apache.velocity.runtime.resource.loader.ClasspathResourceLoader
2022-07-10 01:28:05,578 - Velocimacro : added VM includeReportInfo: source=/templates/macros/page/reportInfo.vm
2022-07-10 01:28:05,578 - ResourceManager : found /templates/macros/page/reportInfo.vm with loader org.apache.velocity.runtime.resource.loader.ClasspathResourceLoader
2022-07-10 01:28:05,579 - Velocimacro : added VM includeTitle: source=/templates/macros/page/title.vm
2022-07-10 01:28:05,579 - ResourceManager : found /templates/macros/page/title.vm with loader org.apache.velocity.runtime.resource.loader.ClasspathResourceLoader
2022-07-10 01:28:05,579 - Velocimacro : added VM includeExpandingButtons: source=/templates/macros/report/expandAllButtons.vm
2022-07-10 01:28:05,579 - ResourceManager : found /templates/macros/report/expandAllButtons.vm with loader org.apache.velocity.runtime.resource.loader.ClasspathResourceLoader
2022-07-10 01:28:05,583 - Velocimacro : added VM includeReportTable: source=/templates/macros/report/reportTable.vm
2022-07-10 01:28:05,583 - ResourceManager : found /templates/macros/report/reportTable.vm with loader org.apache.velocity.runtime.resource.loader.ClasspathResourceLoader
2022-07-10 01:28:05,584 - Velocimacro : added VM includeReportHeader: source=/templates/macros/report/reportHeader.vm
2022-07-10 01:28:05,584 - ResourceManager : found /templates/macros/report/reportHeader.vm with loader org.apache.velocity.runtime.resource.loader.ClasspathResourceLoader
2022-07-10 01:28:05,588 - Velocimacro : added VM includeStatsTable: source=/templates/macros/report/statsTable.vm
2022-07-10 01:28:05,588 - ResourceManager : found /templates/macros/report/statsTable.vm with loader org.apache.velocity.runtime.resource.loader.ClasspathResourceLoader
2022-07-10 01:28:05,588 - Velocimacro : added VM includeBrief: source=/templates/macros/json/brief.vm
2022-07-10 01:28:05,588 - ResourceManager : found /templates/macros/json/brief.vm with loader org.apache.velocity.runtime.resource.loader.ClasspathResourceLoader
2022-07-10 01:28:05,589 - Velocimacro : added VM includeDocString: source=/templates/macros/json/docstring.vm
2022-07-10 01:28:05,589 - ResourceManager : found /templates/macros/json/docstring.vm with loader org.apache.velocity.runtime.resource.loader.ClasspathResourceLoader
2022-07-10 01:28:05,590 - Velocimacro : added VM includeDuration: source=/templates/macros/json/duration.vm
2022-07-10 01:28:05,590 - ResourceManager : found /templates/macros/json/duration.vm with loader org.apache.velocity.runtime.resource.loader.ClasspathResourceLoader
2022-07-10 01:28:05,592 - Velocimacro : added VM includeElement: source=/templates/macros/json/element.vm
2022-07-10 01:28:05,592 - ResourceManager : found /templates/macros/json/element.vm with loader org.apache.velocity.runtime.resource.loader.ClasspathResourceLoader
2022-07-10 01:28:05,598 - Velocimacro : added VM includeEmbeddings: source=/templates/macros/json/embeddings.vm
2022-07-10 01:28:05,598 - Velocimacro : added VM includeHtmlEmbedding: source=/templates/macros/json/embeddings.vm
2022-07-10 01:28:05,598 - Velocimacro : added VM includeVideoEmbedding: source=/templates/macros/json/embeddings.vm
2022-07-10 01:28:05,598 - Velocimacro : added VM includeImageEmbedding: source=/templates/macros/json/embeddings.vm
2022-07-10 01:28:05,598 - Velocimacro : added VM includeImageReferenceEmbedding: source=/templates/macros/json/embeddings.vm
2022-07-10 01:28:05,599 - Velocimacro : added VM includeTextEmbedding: source=/templates/macros/json/embeddings.vm
2022-07-10 01:28:05,599 - Velocimacro : added VM includeUnknownEmbedding: source=/templates/macros/json/embeddings.vm
2022-07-10 01:28:05,599 - ResourceManager : found /templates/macros/json/embeddings.vm with loader org.apache.velocity.runtime.resource.loader.ClasspathResourceLoader
2022-07-10 01:28:05,600 - Velocimacro : added VM includeHooks: source=/templates/macros/json/hooks.vm
2022-07-10 01:28:05,600 - ResourceManager : found /templates/macros/json/hooks.vm with loader org.apache.velocity.runtime.resource.loader.ClasspathResourceLoader
2022-07-10 01:28:05,601 - Velocimacro : added VM includeOutput: source=/templates/macros/json/output.vm
2022-07-10 01:28:05,601 - ResourceManager : found /templates/macros/json/output.vm with loader org.apache.velocity.runtime.resource.loader.ClasspathResourceLoader
2022-07-10 01:28:05,602 - Velocimacro : added VM includeMessage: source=/templates/macros/json/message.vm
2022-07-10 01:28:05,602 - ResourceManager : found /templates/macros/json/message.vm with loader org.apache.velocity.runtime.resource.loader.ClasspathResourceLoader
2022-07-10 01:28:05,603 - Velocimacro : added VM includeSteps: source=/templates/macros/json/steps.vm
2022-07-10 01:28:05,603 - ResourceManager : found /templates/macros/json/steps.vm with loader org.apache.velocity.runtime.resource.loader.ClasspathResourceLoader
2022-07-10 01:28:05,604 - Velocimacro : added VM includeStepName: source=/templates/macros/json/stepName.vm
2022-07-10 01:28:05,604 - ResourceManager : found /templates/macros/json/stepName.vm with loader org.apache.velocity.runtime.resource.loader.ClasspathResourceLoader
2022-07-10 01:28:05,604 - Velocimacro : added VM includeTags: source=/templates/macros/json/tags.vm
2022-07-10 01:28:05,604 - ResourceManager : found /templates/macros/json/tags.vm with loader org.apache.velocity.runtime.resource.loader.ClasspathResourceLoader
2022-07-10 01:28:05,609 - VM #includeNavigation: too few arguments to macro. Wanted 1 got 0
2022-07-10 01:28:05,610 - Left side ($active_tab) of '==' operation has null value. If it is a reference, it may not be in the context or its toString() returned null. /templates/macros/page/navigation.vm[line 14, column 51]
2022-07-10 01:28:05,610 - Left side ($active_tab) of '==' operation has null value. If it is a reference, it may not be in the context or its toString() returned null. /templates/macros/page/navigation.vm[line 15, column 51]
2022-07-10 01:28:05,610 - Left side ($active_tab) of '==' operation has null value. If it is a reference, it may not be in the context or its toString() returned null. /templates/macros/page/navigation.vm[line 16, column 51]
2022-07-10 01:28:05,610 - Left side ($active_tab) of '==' operation has null value. If it is a reference, it may not be in the context or its toString() returned null. /templates/macros/page/navigation.vm[line 20, column 51]
2022-07-10 01:28:05,621 - ResourceManager : found /templates/footer.vm with loader org.apache.velocity.runtime.resource.loader.ClasspathResourceLoader
2022-07-10 01:28:31,161 - Log4JLogChute initialized using file 'target/velocity.log'
2022-07-10 01:28:31,162 - Initializing Velocity, Calling init()...
2022-07-10 01:28:31,162 - Starting Apache Velocity v1.7 (compiled: 2010-11-19 12:14:37)
2022-07-10 01:28:31,162 - Default Properties File: org/apache/velocity/runtime/defaults/velocity.properties
2022-07-10 01:28:31,162 - Trying to use logger class org.apache.velocity.runtime.log.AvalonLogChute
2022-07-10 01:28:31,162 - Target log system for org.apache.velocity.runtime.log.AvalonLogChute is not available (java.lang.NoClassDefFoundError: org/apache/log/format/Formatter).  Falling back to next log system...
2022-07-10 01:28:31,162 - Trying to use logger class org.apache.velocity.runtime.log.Log4JLogChute
2022-07-10 01:28:31,162 - Using logger class org.apache.velocity.runtime.log.Log4JLogChute
2022-07-10 01:28:31,163 - ResourceLoader instantiated: org.apache.velocity.runtime.resource.loader.ClasspathResourceLoader
2022-07-10 01:28:31,170 - ResourceCache: initialized (class org.apache.velocity.runtime.resource.ResourceCacheImpl) with class java.util.Collections$SynchronizedMap cache map.
2022-07-10 01:28:31,171 - Loaded System Directive: org.apache.velocity.runtime.directive.Stop
2022-07-10 01:28:31,172 - Loaded System Directive: org.apache.velocity.runtime.directive.Define
2022-07-10 01:28:31,172 - Loaded System Directive: org.apache.velocity.runtime.directive.Break
2022-07-10 01:28:31,173 - Loaded System Directive: org.apache.velocity.runtime.directive.Evaluate
2022-07-10 01:28:31,173 - Loaded System Directive: org.apache.velocity.runtime.directive.Literal
2022-07-10 01:28:31,174 - Loaded System Directive: org.apache.velocity.runtime.directive.Macro
2022-07-10 01:28:31,174 - Loaded System Directive: org.apache.velocity.runtime.directive.Parse
2022-07-10 01:28:31,175 - Loaded System Directive: org.apache.velocity.runtime.directive.Include
2022-07-10 01:28:31,176 - Loaded System Directive: org.apache.velocity.runtime.directive.Foreach
2022-07-10 01:28:31,193 - Created '20' parsers.
2022-07-10 01:28:31,196 - Velocimacro : "velocimacro.library" is not set.  Trying default library: VM_global_library.vm
2022-07-10 01:28:31,196 - Could not load resource 'VM_global_library.vm' from ResourceLoader org.apache.velocity.runtime.resource.loader.ClasspathResourceLoader: ClasspathResourceLoader Error: cannot find resource VM_global_library.vm
2022-07-10 01:28:31,196 - Velocimacro : Default library not found.
2022-07-10 01:28:31,196 - Velocimacro : allowInline = true : VMs can be defined inline in templates
2022-07-10 01:28:31,196 - Velocimacro : allowInlineToOverride = false : VMs defined inline may NOT replace previous VM definitions
2022-07-10 01:28:31,196 - Velocimacro : allowInlineLocal = false : VMs defined inline will be global in scope if allowed.
2022-07-10 01:28:31,196 - Velocimacro : autoload off : VM system will not automatically reload global library macros
2022-07-10 01:28:31,257 - ResourceManager : found templates/generators/errorpage.vm with loader org.apache.velocity.runtime.resource.loader.ClasspathResourceLoader
2022-07-10 01:28:31,260 - ResourceManager : found /templates/headers.vm with loader org.apache.velocity.runtime.resource.loader.ClasspathResourceLoader
2022-07-10 01:28:31,261 - ResourceManager : found /templates/head.vm with loader org.apache.velocity.runtime.resource.loader.ClasspathResourceLoader
2022-07-10 01:28:31,262 - Velocimacro : added VM stringArray: source=/templates/macros/array.js.vm
2022-07-10 01:28:31,262 - Velocimacro : added VM numberArray: source=/templates/macros/array.js.vm
2022-07-10 01:28:31,262 - ResourceManager : found /templates/macros/array.js.vm with loader org.apache.velocity.runtime.resource.loader.ClasspathResourceLoader
2022-07-10 01:28:31,263 - Velocimacro : added VM includeBuildInfo: source=/templates/macros/page/buildinfo.vm
2022-07-10 01:28:31,263 - ResourceManager : found /templates/macros/page/buildinfo.vm with loader org.apache.velocity.runtime.resource.loader.ClasspathResourceLoader
2022-07-10 01:28:31,265 - Velocimacro : added VM includeClassifications: source=/templates/macros/page/classifications.vm
2022-07-10 01:28:31,265 - ResourceManager : found /templates/macros/page/classifications.vm with loader org.apache.velocity.runtime.resource.loader.ClasspathResourceLoader
2022-07-10 01:28:31,266 - Velocimacro : added VM includeLead: source=/templates/macros/page/lead.vm
2022-07-10 01:28:31,266 - ResourceManager : found /templates/macros/page/lead.vm with loader org.apache.velocity.runtime.resource.loader.ClasspathResourceLoader
2022-07-10 01:28:31,267 - Velocimacro : added VM includeNavigation: source=/templates/macros/page/navigation.vm
2022-07-10 01:28:31,267 - ResourceManager : found /templates/macros/page/navigation.vm with loader org.apache.velocity.runtime.resource.loader.ClasspathResourceLoader
2022-07-10 01:28:31,268 - Velocimacro : added VM includeReportInfo: source=/templates/macros/page/reportInfo.vm
2022-07-10 01:28:31,268 - ResourceManager : found /templates/macros/page/reportInfo.vm with loader org.apache.velocity.runtime.resource.loader.ClasspathResourceLoader
2022-07-10 01:28:31,269 - Velocimacro : added VM includeTitle: source=/templates/macros/page/title.vm
2022-07-10 01:28:31,269 - ResourceManager : found /templates/macros/page/title.vm with loader org.apache.velocity.runtime.resource.loader.ClasspathResourceLoader
2022-07-10 01:28:31,269 - Velocimacro : added VM includeExpandingButtons: source=/templates/macros/report/expandAllButtons.vm
2022-07-10 01:28:31,269 - ResourceManager : found /templates/macros/report/expandAllButtons.vm with loader org.apache.velocity.runtime.resource.loader.ClasspathResourceLoader
2022-07-10 01:28:31,273 - Velocimacro : added VM includeReportTable: source=/templates/macros/report/reportTable.vm
2022-07-10 01:28:31,273 - ResourceManager : found /templates/macros/report/reportTable.vm with loader org.apache.velocity.runtime.resource.loader.ClasspathResourceLoader
2022-07-10 01:28:31,274 - Velocimacro : added VM includeReportHeader: source=/templates/macros/report/reportHeader.vm
2022-07-10 01:28:31,274 - ResourceManager : found /templates/macros/report/reportHeader.vm with loader org.apache.velocity.runtime.resource.loader.ClasspathResourceLoader
2022-07-10 01:28:31,278 - Velocimacro : added VM includeStatsTable: source=/templates/macros/report/statsTable.vm
2022-07-10 01:28:31,278 - ResourceManager : found /templates/macros/report/statsTable.vm with loader org.apache.velocity.runtime.resource.loader.ClasspathResourceLoader
2022-07-10 01:28:31,279 - Velocimacro : added VM includeBrief: source=/templates/macros/json/brief.vm
2022-07-10 01:28:31,279 - ResourceManager : found /templates/macros/json/brief.vm with loader org.apache.velocity.runtime.resource.loader.ClasspathResourceLoader
2022-07-10 01:28:31,280 - Velocimacro : added VM includeDocString: source=/templates/macros/json/docstring.vm
2022-07-10 01:28:31,280 - ResourceManager : found /templates/macros/json/docstring.vm with loader org.apache.velocity.runtime.resource.loader.ClasspathResourceLoader
2022-07-10 01:28:31,280 - Velocimacro : added VM includeDuration: source=/templates/macros/json/duration.vm
2022-07-10 01:28:31,281 - ResourceManager : found /templates/macros/json/duration.vm with loader org.apache.velocity.runtime.resource.loader.ClasspathResourceLoader
2022-07-10 01:28:31,283 - Velocimacro : added VM includeElement: source=/templates/macros/json/element.vm
2022-07-10 01:28:31,283 - ResourceManager : found /templates/macros/json/element.vm with loader org.apache.velocity.runtime.resource.loader.ClasspathResourceLoader
2022-07-10 01:28:31,289 - Velocimacro : added VM includeEmbeddings: source=/templates/macros/json/embeddings.vm
2022-07-10 01:28:31,289 - Velocimacro : added VM includeHtmlEmbedding: source=/templates/macros/json/embeddings.vm
2022-07-10 01:28:31,289 - Velocimacro : added VM includeVideoEmbedding: source=/templates/macros/json/embeddings.vm
2022-07-10 01:28:31,289 - Velocimacro : added VM includeImageEmbedding: source=/templates/macros/json/embeddings.vm
2022-07-10 01:28:31,289 - Velocimacro : added VM includeImageReferenceEmbedding: source=/templates/macros/json/embeddings.vm
2022-07-10 01:28:31,290 - Velocimacro : added VM includeTextEmbedding: source=/templates/macros/json/embeddings.vm
2022-07-10 01:28:31,290 - Velocimacro : added VM includeUnknownEmbedding: source=/templates/macros/json/embeddings.vm
2022-07-10 01:28:31,290 - ResourceManager : found /templates/macros/json/embeddings.vm with loader org.apache.velocity.runtime.resource.loader.ClasspathResourceLoader
2022-07-10 01:28:31,291 - Velocimacro : added VM includeHooks: source=/templates/macros/json/hooks.vm
2022-07-10 01:28:31,291 - ResourceManager : found /templates/macros/json/hooks.vm with loader org.apache.velocity.runtime.resource.loader.ClasspathResourceLoader
2022-07-10 01:28:31,292 - Velocimacro : added VM includeOutput: source=/templates/macros/json/output.vm
2022-07-10 01:28:31,292 - ResourceManager : found /templates/macros/json/output.vm with loader org.apache.velocity.runtime.resource.loader.ClasspathResourceLoader
2022-07-10 01:28:31,293 - Velocimacro : added VM includeMessage: source=/templates/macros/json/message.vm
2022-07-10 01:28:31,293 - ResourceManager : found /templates/macros/json/message.vm with loader org.apache.velocity.runtime.resource.loader.ClasspathResourceLoader
2022-07-10 01:28:31,294 - Velocimacro : added VM includeSteps: source=/templates/macros/json/steps.vm
2022-07-10 01:28:31,294 - ResourceManager : found /templates/macros/json/steps.vm with loader org.apache.velocity.runtime.resource.loader.ClasspathResourceLoader
2022-07-10 01:28:31,295 - Velocimacro : added VM includeStepName: source=/templates/macros/json/stepName.vm
2022-07-10 01:28:31,295 - ResourceManager : found /templates/macros/json/stepName.vm with loader org.apache.velocity.runtime.resource.loader.ClasspathResourceLoader
2022-07-10 01:28:31,295 - Velocimacro : added VM includeTags: source=/templates/macros/json/tags.vm
2022-07-10 01:28:31,295 - ResourceManager : found /templates/macros/json/tags.vm with loader org.apache.velocity.runtime.resource.loader.ClasspathResourceLoader
2022-07-10 01:28:31,300 - VM #includeNavigation: too few arguments to macro. Wanted 1 got 0
2022-07-10 01:28:31,301 - Left side ($active_tab) of '==' operation has null value. If it is a reference, it may not be in the context or its toString() returned null. /templates/macros/page/navigation.vm[line 14, column 51]
2022-07-10 01:28:31,301 - Left side ($active_tab) of '==' operation has null value. If it is a reference, it may not be in the context or its toString() returned null. /templates/macros/page/navigation.vm[line 15, column 51]
2022-07-10 01:28:31,301 - Left side ($active_tab) of '==' operation has null value. If it is a reference, it may not be in the context or its toString() returned null. /templates/macros/page/navigation.vm[line 16, column 51]
2022-07-10 01:28:31,301 - Left side ($active_tab) of '==' operation has null value. If it is a reference, it may not be in the context or its toString() returned null. /templates/macros/page/navigation.vm[line 20, column 51]
2022-07-10 01:28:31,313 - ResourceManager : found /templates/footer.vm with loader org.apache.velocity.runtime.resource.loader.ClasspathResourceLoader
